In file included from /usr/include/features.h:385:0,
                 from /usr/include/string.h:27,
                 from /home/licj/software/netBSD/source/netBSD/usr/src/tools/mandoc/../../external/bsd/mdocml/bin/mandoc/../../dist/test-strlcat.c:1:
/usr/include/gnu/stubs.h:7:27: fatal error: gnu/stubs-32.h: No such file or directory
compilation terminated.
In file included from /usr/include/features.h:385:0,
                 from /usr/include/string.h:27,
                 from /home/licj/software/netBSD/source/netBSD/usr/src/tools/mandoc/../../external/bsd/mdocml/bin/mandoc/../../dist/test-strlcpy.c:1:
/usr/include/gnu/stubs.h:7:27: fatal error: gnu/stubs-32.h: No such file or directory
compilation terminated.
